AutoECO Error Report
FILE-A: D:\PRODUCT\EVCHR\CIRCUIT\CHARGER4820.MAX
FILE-B: D:\PRODUCT\EVCHR\CIRCUIT\CHARGER4820.MNL
ERROR: No footprint found for comp R35
ERROR: No footprint found for comp L8
ERROR: No footprint found for comp L5
ERROR: No footprint found for comp R41
ERROR: No footprint found for comp L2
ERROR: No footprint found for comp C17
ERROR: No footprint found for comp R26
ERROR: No footprint found for comp R27
ERROR: No footprint found for comp C23
ERROR: No footprint found for comp L4
ERROR: No footprint found for comp D12
ERROR: No footprint found for comp D7
ERROR: No footprint found for comp R11
ERROR: No footprint found for comp R14
ERROR: No footprint found for comp D5
ERROR: No footprint found for comp R15
ERROR: No footprint found for comp R39
ERROR: No footprint found for comp D15
ERROR: No footprint found for comp R5
ERROR: No footprint found for comp C6
ERROR: No footprint found for comp R16
ERROR: No footprint found for comp C21
ERROR: No footprint found for comp R2
ERROR: No footprint found for comp R9
ERROR: No footprint found for comp R34
ERROR: No footprint found for comp D2
ERROR: No footprint found for comp C15
ERROR: No footprint found for comp D1
ERROR: No footprint found for comp R7
ERROR: No footprint found for comp Q1
ERROR: No footprint found for comp Q2
ERROR: No footprint found for comp D8
ERROR: No footprint found for comp D10
ERROR: No footprint found for comp D11
ERROR: No footprint found for comp D9
ERROR: No footprint found for comp R3
ERROR: No footprint found for comp L6
ERROR: No footprint found for comp D6
ERROR: No footprint found for comp R12
ERROR: No footprint found for comp R40
ERROR: No footprint found for comp R8
ERROR: No footprint found for comp D13
ERROR: No footprint found for comp D14
ERROR: No footprint found for comp C22
ERROR: No footprint found for comp R20
ERROR: No footprint found for comp R19
ERROR: No footprint found for comp L3
ERROR: No footprint found for comp R25
ERROR: No footprint found for comp D4
ERROR: No footprint found for comp R42
ERROR: No footprint found for comp R30
ERROR: No footprint found for comp L7
ERROR: No footprint found for comp R43
ERROR: No footprint found for comp R1
ERROR: No footprint found for comp R37
ERROR: No footprint found for comp R36
ERROR: No footprint found for comp R21
ERROR: No footprint found for comp R38
ERROR: No footprint found for comp R33
ERROR: No footprint found for comp R4
ERROR: No footprint found for comp R17
Unable to complete ECO due to errors
61 errors found
